"../../../Engine/Content/EngineMeshes/Humanoid.uasset" 0
"../../../../../../Users/SU/Documents/Unreal Projects/ShootThemUp/Content/ExternalContent/Characters/HeroTPP/HeroTPP_Skeleton.uasset" 1
"../../../Engine/Content/Animation/DefaultAnimCurveCompressionSettings.uasset" 2
"../../../Engine/Content/Animation/DefaultAnimBoneCompressionSettings.uasset" 3
"../../../../../../Users/SU/Documents/Unreal Projects/ShootThemUp/Content/ExternalContent/Animations/TTP_Animations/AimOffsetDown.uasset" 4
"../../../../../../Users/SU/Documents/Unreal Projects/ShootThemUp/Content/ExternalContent/Animations/TTP_Animations/AimOffsetFwd.uasset" 5
"../../../../../../Users/SU/Documents/Unreal Projects/ShootThemUp/Content/ExternalContent/Animations/TTP_Animations/AimOffsetLeft.uasset" 6
"../../../../../../Users/SU/Documents/Unreal Projects/ShootThemUp/Content/ExternalContent/Animations/TTP_Animations/AimOffsetLeftDown.uasset" 7
"../../../../../../Users/SU/Documents/Unreal Projects/ShootThemUp/Content/ExternalContent/Animations/TTP_Animations/AimOffsetLeftUp.uasset" 8
"../../../../../../Users/SU/Documents/Unreal Projects/ShootThemUp/Content/ExternalContent/Animations/TTP_Animations/AimOffsetRight.uasset" 9
"../../../../../../Users/SU/Documents/Unreal Projects/ShootThemUp/Content/ExternalContent/Animations/TTP_Animations/AimOffsetRightDown.uasset" 10
"../../../../../../Users/SU/Documents/Unreal Projects/ShootThemUp/Content/ExternalContent/Animations/TTP_Animations/AimOffsetRightUp.uasset" 11
"../../../../../../Users/SU/Documents/Unreal Projects/ShootThemUp/Content/ExternalContent/Animations/TTP_Animations/AimOffsetUp.uasset" 12
"../../../../../../Users/SU/Documents/Unreal Projects/ShootThemUp/Content/ExternalContent/Animations/TTP_Animations/Equip.uasset" 13
"../../../../../../Users/SU/Documents/Unreal Projects/ShootThemUp/Content/ExternalContent/Animations/TTP_Animations/Launcher_Reload.uasset" 14
"../../../../../../Users/SU/Documents/Unreal Projects/ShootThemUp/Content/ExternalContent/Animations/TTP_Animations/Reload.uasset" 15
"../../../../../../Users/SU/Documents/Unreal Projects/ShootThemUp/Content/ExternalContent/Sounds/Foley/wav/sw_Foley_Bodyfall_02.uasset" 16
"../../../../../../Users/SU/Documents/Unreal Projects/ShootThemUp/Content/ExternalContent/Sounds/Foley/wav/sw_Foley_Bodyfall_01.uasset" 17
"../../../../../../Users/SU/Documents/Unreal Projects/ShootThemUp/Content/ExternalContent/Sounds/Audio_Settings/Class/SC_Footsteps.uasset" 18
"../../../../../../Users/SU/Documents/Unreal Projects/ShootThemUp/Content/ExternalContent/Sounds/Audio_Settings/Class/SC_WeaponShoot_3P.uasset" 19
"../../../../../../Users/SU/Documents/Unreal Projects/ShootThemUp/Content/ExternalContent/Sounds/Audio_Settings/Class/SC_WeaponShoot_1P.uasset" 20
"../../../../../../Users/SU/Documents/Unreal Projects/ShootThemUp/Content/ExternalContent/Sounds/Audio_Settings/Class/SC_Weapon.uasset" 21
"../../../../../../Users/SU/Documents/Unreal Projects/ShootThemUp/Content/ExternalContent/Sounds/Audio_Settings/Class/SC_Ambient_OneShot.uasset" 22
"../../../../../../Users/SU/Documents/Unreal Projects/ShootThemUp/Content/ExternalContent/Sounds/Audio_Settings/Class/SC_Ambient_Loop.uasset" 23
"../../../../../../Users/SU/Documents/Unreal Projects/ShootThemUp/Content/ExternalContent/Sounds/Audio_Settings/Class/SC_Ambient_Bed.uasset" 24
"../../../../../../Users/SU/Documents/Unreal Projects/ShootThemUp/Content/ExternalContent/Sounds/Audio_Settings/Class/SC_Ambience.uasset" 25
"../../../../../../Users/SU/Documents/Unreal Projects/ShootThemUp/Content/ExternalContent/Sounds/Audio_Settings/SoundMix/SMix_Stinger.uasset" 26
"../../../../../../Users/SU/Documents/Unreal Projects/ShootThemUp/Content/ExternalContent/Sounds/Audio_Settings/Class/SC_Stinger.uasset" 27
"../../../../../../Users/SU/Documents/Unreal Projects/ShootThemUp/Content/ExternalContent/Sounds/Audio_Settings/Class/SC_Projectile.uasset" 28
"../../../../../../Users/SU/Documents/Unreal Projects/ShootThemUp/Content/ExternalContent/Sounds/Audio_Settings/Class/SC_Pickups.uasset" 29
"../../../../../../Users/SU/Documents/Unreal Projects/ShootThemUp/Content/ExternalContent/Sounds/Audio_Settings/Class/SC_voip.uasset" 30
"../../../../../../Users/SU/Documents/Unreal Projects/ShootThemUp/Content/ExternalContent/Sounds/Audio_Settings/Class/SC_VOICE.uasset" 31
"../../../../../../Users/SU/Documents/Unreal Projects/ShootThemUp/Content/ExternalContent/Sounds/Audio_Settings/Class/SC_UI.uasset" 32
"../../../../../../Users/SU/Documents/Unreal Projects/ShootThemUp/Content/ExternalContent/Sounds/Audio_Settings/Class/SC_MUSIC.uasset" 33
"../../../../../../Users/SU/Documents/Unreal Projects/ShootThemUp/Content/ExternalContent/Sounds/Audio_Settings/Class/SC_MASTER.uasset" 34
"../../../../../../Users/SU/Documents/Unreal Projects/ShootThemUp/Content/ExternalContent/Sounds/Audio_Settings/Class/SC_Impacts.uasset" 35
"../../../../../../Users/SU/Documents/Unreal Projects/ShootThemUp/Content/ExternalContent/Sounds/Audio_Settings/SoundMix/Explosion.uasset" 36
"../../../../../../Users/SU/Documents/Unreal Projects/ShootThemUp/Content/ExternalContent/Sounds/Audio_Settings/Class/SC_Explosion.uasset" 37
"../../../../../../Users/SU/Documents/Unreal Projects/ShootThemUp/Content/ExternalContent/Sounds/Audio_Settings/Class/SC_SFX.uasset" 38
"../../../../../../Users/SU/Documents/Unreal Projects/ShootThemUp/Content/ExternalContent/Sounds/Audio_Settings/Class/SC_Characters.uasset" 39
"../../../../../../Users/SU/Documents/Unreal Projects/ShootThemUp/Content/ExternalContent/Sounds/Audio_Settings/Class/SC_Foley.uasset" 40
"../../../../../../Users/SU/Documents/Unreal Projects/ShootThemUp/Content/ExternalContent/Sounds/Audio_Settings/Attenuation/Foley.uasset" 41
"../../../../../../Users/SU/Documents/Unreal Projects/ShootThemUp/Content/ExternalContent/Sounds/Foley/SCue_Foley_Bodyfall.uasset" 42
"../../../../../../Users/SU/Documents/Unreal Projects/ShootThemUp/Content/ExternalContent/Sounds/Foley/wav/sw_Foley_Jump_03.uasset" 43
"../../../../../../Users/SU/Documents/Unreal Projects/ShootThemUp/Content/ExternalContent/Sounds/Foley/wav/sw_Foley_Jump_02.uasset" 44
"../../../../../../Users/SU/Documents/Unreal Projects/ShootThemUp/Content/ExternalContent/Sounds/Foley/wav/sw_Foley_Jump_01.uasset" 45
"../../../../../../Users/SU/Documents/Unreal Projects/ShootThemUp/Content/ExternalContent/Sounds/Foley/SCue_Foley_Jump.uasset" 46
"../../../../../../Users/SU/Documents/Unreal Projects/ShootThemUp/Content/ExternalContent/Sounds/Foley/SCue_Foley_SwipeCloth.uasset" 47
"../../../../../../Users/SU/Documents/Unreal Projects/ShootThemUp/Content/ExternalContent/Sounds/Weapons/AssultRifle/wav/sw_Wep_Reload_AR.uasset" 48
"../../../../../../Users/SU/Documents/Unreal Projects/ShootThemUp/Content/ExternalContent/Sounds/Weapons/AssultRifle/SCue_AR_Reload.uasset" 49
"../../../Engine/Content/EngineMaterials/T_Default_Material_Grid_N.uasset" 50
"../../../Engine/Content/EngineMaterials/T_Default_Material_Grid_M.uasset" 51
"../../../Engine/Content/Functions/Engine_MaterialFunctions01/Opacity/CameraDepthFade.uasset" 52
"../../../Engine/Content/EngineMaterials/WorldGridMaterial.uasset" 53
"../../../Engine/Content/ArtTools/RenderToTexture/Meshes/S_1_Unit_Plane.uasset" 54
"../../../Engine/Content/EngineMaterials/DefaultMaterial.uasset" 55
"../../../Engine/Content/BasicShapes/Cone.uasset" 56
"../../../Engine/Content/BasicShapes/Cube.uasset" 57
"../../../Engine/Content/BasicShapes/Plane.uasset" 58
"../../../Engine/Content/BasicShapes/Sphere.uasset" 59
"../../../Engine/Content/EditorLandscapeResources/DataLayer.uasset" 60
"../../../Engine/Content/EditorLandscapeResources/DefaultAlphaTexture.uasset" 61
"../../../Engine/Content/EditorMaterials/MAT_Groups_Toggle.uasset" 62
"../../../Engine/Content/EditorMaterials/MAT_Groups_Visibility.uasset" 63
"../../../Engine/Content/EditorMaterials/PreviewShadowIndicator.uasset" 64
"../../../Engine/Content/EditorMaterials/PreviewShadowIndicatorMaterial.uasset" 65
"../../../Engine/Content/EditorMaterials/MatineeGroups/MAT_ColorTrack.uasset" 66
"../../../Engine/Content/EditorMaterials/MatineeGroups/MAT_Groups_Anim.uasset" 67
"../../../Engine/Content/EditorMaterials/MatineeGroups/MAT_Groups_AudioMaster.uasset" 68
"../../../Engine/Content/EditorMaterials/MatineeGroups/MAT_Groups_Director.uasset" 69
"../../../Engine/Content/EditorMaterials/MatineeGroups/MAT_Groups_Event.uasset" 70
"../../../Engine/Content/EditorMaterials/MatineeGroups/MAT_Groups_Fade.uasset" 71
"../../../Engine/Content/EditorMaterials/MatineeGroups/MAT_Groups_Float.uasset" 72
"../../../Engine/Content/EditorMaterials/MatineeGroups/MAT_Groups_Move.uasset" 73
"../../../Engine/Content/EditorMaterials/MatineeGroups/MAT_Groups_Slomo.uasset" 74
"../../../Engine/Content/EditorMaterials/MatineeGroups/MAT_Groups_Sound.uasset" 75
"../../../Engine/Content/EditorMaterials/MatineeGroups/MAT_Groups_Vector.uasset" 76
"../../../Engine/Content/EditorMaterials/ParticleSystems/PSysThumbnail_NoImage.uasset" 77
"../../../Engine/Content/EditorMaterials/ParticleSystems/PSysThumbnail_OOD.uasset" 78
"../../../Engine/Content/EditorMaterials/Camera/CineMat.uasset" 79
"../../../Engine/Content/EditorMaterials/Camera/MI_CineMat_Rig.uasset" 80
"../../../Engine/Content/EditorMeshes/Camera/SM_CraneRig_Arm.uasset" 81
"../../../Engine/Content/EditorMeshes/Camera/SM_CraneRig_Base.uasset" 82
"../../../Engine/Content/EditorMeshes/Camera/SM_CraneRig_Body.uasset" 83
"../../../Engine/Content/EditorMeshes/Camera/SM_CraneRig_Mount.uasset" 84
"../../../Engine/Content/EditorMeshes/Camera/SM_RailRig_Mount.uasset" 85
"../../../Engine/Content/EditorMeshes/Camera/SM_RailRig_Track.uasset" 86
"../../../Engine/Content/EditorResources/BSPVertex.uasset" 87
"../../../Engine/Content/EditorResources/EmptyActor.uasset" 88
"../../../Engine/Content/EditorResources/S_Actor.uasset" 89
"../../../Engine/Content/EditorResources/S_Note.uasset" 90
"../../../Engine/Content/EditorResources/S_Solver.uasset" 91
"../../../Engine/Content/EditorResources/S_Terrain.uasset" 92
"../../../Engine/Content/EditorResources/S_Trigger.uasset" 93
"../../../Engine/Content/EditorResources/LightIcons/S_LightError.uasset" 94
"../../../Engine/Content/EditorResources/SequenceRecorder/Countdown.uasset" 95
"../../../Engine/Content/EditorResources/SequenceRecorder/RecordingIndicator.uasset" 96
"../../../Engine/Content/EngineDamageTypes/DmgTypeBP_Environmental.uasset" 97
"../../../Engine/Content/EngineDebugMaterials/DebugEditorMaterial.uasset" 98
"../../../Engine/Content/EngineDebugMaterials/DebugMeshMaterial.uasset" 99
"../../../Engine/Content/EngineDebugMaterials/M_SimpleUnlitTranslucent.uasset" 100
"../../../Engine/Content/EngineDebugMaterials/VolumeToRender.uasset" 101
"../../../Engine/Content/Functions/Engine_MaterialFunctions02/Utility/CameraDirectionVector.uasset" 102
"../../../Engine/Content/EngineDebugMaterials/M_VolumeRenderSphereTracePP.uasset" 103
"../../../Engine/Content/Functions/Engine_MaterialFunctions01/Shading/ConvertFromDiffSpec.uasset" 104
"../../../Engine/Content/EngineDebugMaterials/VertexColorMaterial.uasset" 105
"../../../Engine/Content/EngineDebugMaterials/WireframeMaterial.uasset" 106
"../../../Engine/Content/EngineFonts/Faces/RobotoRegular.uasset" 107
"../../../Engine/Content/EngineFonts/Faces/RobotoLight.uasset" 108
"../../../Engine/Content/EngineFonts/Faces/RobotoItalic.uasset" 109
"../../../Engine/Content/EngineFonts/Faces/RobotoBoldItalic.uasset" 110
"../../../Engine/Content/EngineFonts/Faces/RobotoBold.uasset" 111
"../../../Engine/Content/EngineFonts/Faces/DroidSansFallback.uasset" 112
"../../../Engine/Content/EngineFonts/Roboto.uasset" 113
"../../../Engine/Content/EngineMaterials/BaseFlattenNormalMap.uasset" 114
"../../../Engine/Content/EngineMaterials/BaseFlattenGrayscaleMap.uasset" 115
"../../../Engine/Content/EngineMaterials/BaseFlattenEmissiveMap.uasset" 116
"../../../Engine/Content/EngineMaterials/BaseFlattenDiffuseMap.uasset" 117
"../../../Engine/Content/EngineMaterials/BaseFlattenMaterial.uasset" 118
"../../../Engine/Content/EngineMaterials/BlueNoise.uasset" 119
"../../../Engine/Content/EngineMaterials/DefaultBloomKernel.uasset" 120
"../../../Engine/Content/EngineMaterials/DefaultBokeh.uasset" 121
"../../../Engine/Content/EngineMaterials/DefaultDiffuse.uasset" 122
"../../../Engine/Content/EngineMaterials/DefaultDeferredDecalMaterial.uasset" 123
"../../../Engine/Content/EngineMaterials/DefaultLightFunctionMaterial.uasset" 124
"../../../Engine/Content/EngineMaterials/DefaultPhysicalMaterial.uasset" 125
"../../../Engine/Content/Functions/Engine_MaterialFunctions02/Utility/BreakOutFloat2Components.uasset" 126
"../../../Engine/Content/EngineMaterials/DefaultPostProcessMaterial.uasset" 127
"../../../Engine/Content/EngineFonts/RobotoDistanceField.uasset" 128
"../../../Engine/Content/EngineMaterials/DefaultTextMaterialOpaque.uasset" 129
"../../../Engine/Content/EngineMaterials/DefaultWhiteGrid.uasset" 130
"../../../Engine/Content/EngineMaterials/DefaultWhiteGrid_Low.uasset" 131
"../../../Engine/Content/EngineMaterials/EmissiveMeshMaterial.uasset" 132
"../../../Engine/Content/EngineMaterials/GizmoMaterial.uasset" 133
"../../../Engine/Content/EngineMaterials/Good64x64TilingNoiseHighFreq.uasset" 134
"../../../Engine/Content/EngineMaterials/MiniFont.uasset" 135
"../../../Engine/Content/EngineMaterials/InvalidLightmapSettings.uasset" 136
"../../../Engine/Content/EngineMaterials/M_InvalidLightmapSettings.uasset" 137
"../../../Engine/Content/Functions/Engine_MaterialFunctions02/WorldPositionOffset/CameraOffset.uasset" 138
"../../../Engine/Content/EngineMaterials/PhAT_JointLimitMaterial.uasset" 139
"../../../Engine/Content/EngineMaterials/PreintegratedSkinBRDF.uasset" 140
"../../../Engine/Content/EngineMaterials/RemoveSurfaceMaterial.uasset" 141
"../../../Engine/Content/EngineMaterials/WeightMapPlaceholderTexture.uasset" 142
"../../../Engine/Content/EngineResources/WhiteSquareTexture.uasset" 143
"../../../Engine/Content/EngineMaterials/Widget3DPassThrough.uasset" 144
"../../../Engine/Content/EngineMaterials/Widget3DPassThrough_Masked.uasset" 145
"../../../Engine/Content/EngineMaterials/Widget3DPassThrough_Opaque.uasset" 146
"../../../Engine/Content/EngineMaterials/Widget3DPassThrough_Masked_OneSided.uasset" 147
"../../../Engine/Content/EngineMaterials/Widget3DPassThrough_Opaque_OneSided.uasset" 148
"../../../Engine/Content/EngineMaterials/Widget3DPassThrough_Translucent.uasset" 149
"../../../Engine/Content/EngineMaterials/Widget3DPassThrough_Translucent_OneSided.uasset" 150
"../../../Engine/Content/EngineMeshes/Cylinder.uasset" 151
"../../../Engine/Content/EngineMeshes/Sphere.uasset" 152
"../../../Engine/Content/EngineResources/Black.uasset" 153
"../../../Engine/Content/EngineResources/DefaultTextureCube.uasset" 154
"../../../Engine/Content/EngineResources/DefaultVolumeTexture2D.uasset" 155
"../../../Engine/Content/EngineResources/DefaultVolumeTexture.uasset" 156
"../../../Engine/Content/EngineResources/GradientTexture0.uasset" 157
"../../../Engine/Content/EngineSky/VolumetricClouds/T_NoiseShape64.uasset" 158
"../../../Engine/Content/EngineSky/VolumetricClouds/T_VolumeNoiseShape64.uasset" 159
"../../../Engine/Content/EngineSky/VolumetricClouds/T_NoiseErosion.uasset" 160
"../../../Engine/Content/EngineSky/VolumetricClouds/T_VolumeNoiseErosion32.uasset" 161
"../../../Engine/Content/EngineSky/VolumetricClouds/CloudWeatherTexture.uasset" 162
"../../../Engine/Content/EngineSky/VolumetricClouds/CloudGradientTexture.uasset" 163
"../../../Engine/Content/Functions/Engine_MaterialFunctions02/Utility/MakeFloat2.uasset" 164
"../../../Engine/Content/EngineSky/VolumetricClouds/m_SimpleVolumetricCloud.uasset" 165
"../../../Engine/Content/EngineSky/VolumetricClouds/m_SimpleVolumetricCloud_Inst.uasset" 166
"../../../Engine/Content/EngineSounds/Master.uasset" 167
"../../../Engine/Content/Functions/Engine_MaterialFunctions01/Shading/PowerToRoughness.uasset" 168
"../../../Engine/Content/Maps/Templates/Thumbnails/Default.uasset" 169
"../../../Engine/Content/Maps/Templates/Thumbnails/TimeOfDay.uasset" 170
"../../../Engine/Content/Maps/Templates/Thumbnails/VR-Basic.uasset" 171
"../../../Engine/Content/MobileResources/T_MobileControls_texture.uasset" 172
"../../../Engine/Content/MobileResources/T_MobileMenu2.uasset" 173
"../../../Engine/Content/MobileResources/HUD/AnalogHat.uasset" 174
"../../../Engine/Content/MobileResources/HUD/VirtualJoystick_Thumb.uasset" 175
"../../../Engine/Content/MobileResources/HUD/VirtualJoystick_Background.uasset" 176
"../../../Engine/Content/MobileResources/HUD/DefaultVirtualJoysticks.uasset" 177
"../../../Engine/Content/MobileResources/HUD/LeftVirtualJoystickOnly.uasset" 178
"../../../Engine/Content/MobileResources/HUD/MobileHUDButton1_off.uasset" 179
"../../../Engine/Content/MobileResources/HUD/MobileHUDButton1_on.uasset" 180
"../../../Engine/Content/MobileResources/HUD/MobileHUDButton2_off.uasset" 181
"../../../Engine/Content/MobileResources/HUD/MobileHUDButton2_on.uasset" 182
"../../../Engine/Content/MobileResources/HUD/MobileHUDButton3.uasset" 183
"../../../Engine/Content/MobileResources/HUD/MobileHUDButtonFire.uasset" 184
"../../../Engine/Content/MobileResources/HUD/MobileHUDDirectionPad.uasset" 185
"../../../Engine/Content/MobileResources/HUD/MobileHUDDirectionPad2.uasset" 186
"../../../Engine/Content/MobileResources/HUD/MobileHUDDirectionPad3.uasset" 187
"../../../Engine/Content/MobileResources/HUD/MobileHUDDirectionStick.uasset" 188
"../../../Engine/Content/MobileResources/HUD/T_Castle_ThumbstickInner.uasset" 189
"../../../Engine/Content/MobileResources/HUD/T_Castle_ThumbstickOutter.uasset" 190
"../../../Engine/Content/Tutorial/ContentIntroCurve.uasset" 191
"../../../Engine/Content/Tutorial/Basics/LevelEditorAttract.uasset" 192
"../../../Engine/Content/Tutorial/Basics/TutorialAssets/icon_tab_Levels_40x.uasset" 193
"../../../Engine/Content/Tutorial/Basics/LevelEditorOverview.uasset" 194
"../../../Engine/Content/VREditor/TransformGizmo/TranslucentTransformGizmoMaterial.uasset" 195
"../../../Engine/Content/VREditor/LaserPointer/VR_LaserPower_01.uasset" 196
"../../../Engine/Content/VREditor/TransformGizmo/TransformGizmoMaterial.uasset" 197
"../../../Engine/Content/VREditor/TransformGizmo/BoundingBoxCorner.uasset" 198
"../../../Engine/Content/VREditor/TransformGizmo/BoundingBoxEdge.uasset" 199
"../../../Engine/Content/VREditor/TransformGizmo/PlaneTranslationHandle.uasset" 200
"../../../Engine/Content/VREditor/TransformGizmo/Xray.uasset" 201
"../../../Engine/Content/VREditor/TransformGizmo/Main.uasset" 202
"../../../Engine/Content/VREditor/TransformGizmo/SM_Sequencer_Key.uasset" 203
"../../../Engine/Content/VREditor/TransformGizmo/SM_Sequencer_Node.uasset" 204
"../../Plugins/2D/Paper2D/Content/PlaceholderTextures/DummySpriteTexture.uasset" 205
"../../Plugins/2D/Paper2D/Content/DummySprite.uasset" 206
"../../Plugins/2D/Paper2D/Content/DefaultPaperTerrainMaterial.uasset" 207
"../../Plugins/2D/Paper2D/Content/DefaultSpriteMaterial.uasset" 208
"../../Plugins/2D/Paper2D/Content/MaskedUnlitSpriteMaterial.uasset" 209
"../../Plugins/2D/Paper2D/Content/OpaqueUnlitSpriteMaterial.uasset" 210
"../../../Engine/Content/Functions/Engine_MaterialFunctions02/Utility/BreakOutFloat3Components.uasset" 211
"../../Plugins/Editor/SpeedTreeImporter/Content/SpeedTree9/UnpackInteger3.uasset" 212
"../../Plugins/Editor/SpeedTreeImporter/Content/SpeedTree9/UnpackDirection.uasset" 213
"../../Plugins/Editor/SpeedTreeImporter/Content/SpeedTree9/game_wind_noise.uasset" 214
"../../../Engine/Content/Functions/Engine_MaterialFunctions02/SafeNormalize.uasset" 215
"../../Plugins/Editor/SpeedTreeImporter/Content/SpeedTree9/SpeedTreeWindMotion.uasset" 216
"../../Plugins/Editor/SpeedTreeImporter/Content/SpeedTree9/SpeedTreeBranchMotion.uasset" 217
"../../../Engine/Content/Functions/Engine_MaterialFunctions02/ObjectLocalBounds.uasset" 218
"../../../Engine/Content/Functions/Engine_MaterialFunctions02/UVs/BoundingBoxBased_0-1_UVW.uasset" 219
"../../Plugins/Editor/SpeedTreeImporter/Content/SpeedTree9/SpeedTreeWind.uasset" 220
"../../Plugins/Editor/SpeedTreeImporter/Content/SpeedTree9/SpeedTreeBillboard.uasset" 221
"../../../Engine/Content/EngineResources/DefaultTexture.uasset" 222
"../../Plugins/Editor/SpeedTreeImporter/Content/SpeedTree9/SpeedTreeBillboardMaster.uasset" 223
"../../Plugins/Editor/SpeedTreeImporter/Content/SpeedTree9/SpeedTreeCameraFacing.uasset" 224
"../../Plugins/Editor/SpeedTreeImporter/Content/SpeedTree9/SpeedTreeMaster.uasset" 225
"../../../Engine/Content/ArtTools/RenderToTexture/Materials/Debug/M_Emissive_Color.uasset" 226
"../../../Engine/Content/BasicShapes/Cylinder.uasset" 227
"../../Plugins/Lumin/MagicLeapPassableWorld/Content/MagicLeapARPinInfoActor.uasset" 228
"../../../Engine/Content/Functions/Engine_MaterialFunctions02/Utility/BreakOutFloat4Components.uasset" 229
"../../../Engine/Content/Functions/Engine_MaterialFunctions02/Utility/MakeFloat3.uasset" 230
"../../Plugins/Runtime/Oculus/OculusVR/Content/Materials/OculusMR_ChromaKey.uasset" 231
"../../Plugins/Runtime/Oculus/OculusVR/Content/Materials/OculusMR_OpaqueColoredMaterial.uasset" 232
"../../Plugins/Runtime/Oculus/OculusVR/Content/Materials/PokeAHoleMaterial.uasset" 233
"../../../Engine/Content/MapTemplates/SM_Template_Map_Floor.uasset" 234
"../../../Engine/Content/EngineSky/T_Sky_Stars.uasset" 235
"../../../Engine/Content/EngineSky/T_Sky_Clouds_M.uasset" 236
"../../../Engine/Content/EngineSky/T_Sky_Blue.uasset" 237
"../../../Engine/Content/EngineSky/M_Sky_Panning_Clouds2.uasset" 238
"../../../../../../Users/SU/Documents/Unreal Projects/ShootThemUp/Content/Levels/TestLevel_BuiltData.uasset" 239
"../../../Engine/Content/EngineSky/SM_SkySphere.uasset" 240
"../../../Engine/Content/EngineSky/C_Sky_Zenith_Color.uasset" 241
"../../../Engine/Content/EngineSky/C_Sky_Horizon_Color.uasset" 242
"../../../Engine/Content/EngineSky/C_Sky_Cloud_Color.uasset" 243
"../../../Engine/Content/EditorBlueprintResources/StandardMacros.uasset" 244
"../../../Engine/Content/EngineSky/BP_Sky_Sphere.uasset" 245
"../../../../../../Users/SU/Documents/Unreal Projects/ShootThemUp/Content/ExternalContent/Animations/TTP_Animations/Death.uasset" 246
"../../../../../../Users/SU/Documents/Unreal Projects/ShootThemUp/Content/Player/Animation/AM_Death.uasset" 247
"../../../../../../Users/SU/Documents/Unreal Projects/ShootThemUp/Content/ExternalContent/Animations/TTP_Animations/Run_Rt.uasset" 248
"../../../../../../Users/SU/Documents/Unreal Projects/ShootThemUp/Content/ExternalContent/Animations/TTP_Animations/Run_Lt.uasset" 249
"../../../../../../Users/SU/Documents/Unreal Projects/ShootThemUp/Content/ExternalContent/Animations/TTP_Animations/Run_Fwd.uasset" 250
"../../../../../../Users/SU/Documents/Unreal Projects/ShootThemUp/Content/ExternalContent/Animations/TTP_Animations/Run_Bwd.uasset" 251
"../../../../../../Users/SU/Documents/Unreal Projects/ShootThemUp/Content/ExternalContent/Animations/TTP_Animations/Idle.uasset" 252
"../../../../../../Users/SU/Documents/Unreal Projects/ShootThemUp/Content/Player/Animation/BS_LocomotionWalk.uasset" 253
"../../../../../../Users/SU/Documents/Unreal Projects/ShootThemUp/Content/ExternalContent/Animations/TTP_Animations/RoadieRun_Fwd.uasset" 254
"../../../../../../Users/SU/Documents/Unreal Projects/ShootThemUp/Content/Player/Animation/BS_LocomotionRun.uasset" 255
"../../../../../../Users/SU/Documents/Unreal Projects/ShootThemUp/Content/ExternalContent/Animations/TTP_Animations/JumpStart.uasset" 256
"../../../../../../Users/SU/Documents/Unreal Projects/ShootThemUp/Content/ExternalContent/Animations/TTP_Animations/JumpLoop.uasset" 257
"../../../../../../Users/SU/Documents/Unreal Projects/ShootThemUp/Content/ExternalContent/Animations/TTP_Animations/JumpEnd.uasset" 258
"../../../../../../Users/SU/Documents/Unreal Projects/ShootThemUp/Content/Player/Animation/ABP_BaseCharacter.uasset" 259
"../../../../../../Users/SU/Documents/Unreal Projects/ShootThemUp/Content/ExternalContent/Characters/HeroTPP/HeroTPP_Physics.uasset" 260
"../../../../../../Users/SU/Documents/Unreal Projects/ShootThemUp/Content/ExternalContent/Environment/Textures/T_Vista_Grass_N.uasset" 261
"../../../../../../Users/SU/Documents/Unreal Projects/ShootThemUp/Content/ExternalContent/Environment/PhysicalMaterials/M_BodyDamage.uasset" 262
"../../../../../../Users/SU/Documents/Unreal Projects/ShootThemUp/Content/ExternalContent/Characters/Textures/Tiles/T_Sctraches_01.uasset" 263
"../../../../../../Users/SU/Documents/Unreal Projects/ShootThemUp/Content/ExternalContent/Characters/Textures/Chr_FPS_N.uasset" 264
"../../../../../../Users/SU/Documents/Unreal Projects/ShootThemUp/Content/ExternalContent/Characters/Textures/Chr_FPS_Metal_02.uasset" 265
"../../../../../../Users/SU/Documents/Unreal Projects/ShootThemUp/Content/ExternalContent/Characters/Textures/Chr_FPS_Metal_01.uasset" 266
"../../../../../../Users/SU/Documents/Unreal Projects/ShootThemUp/Content/ExternalContent/Characters/Textures/Chr_FPS_M_03tga.uasset" 267
"../../../../../../Users/SU/Documents/Unreal Projects/ShootThemUp/Content/ExternalContent/Characters/Textures/Chr_FPS_M.uasset" 268
"../../../../../../Users/SU/Documents/Unreal Projects/ShootThemUp/Content/ExternalContent/Characters/Textures/Chr_FPS_Fabric_N_01.uasset" 269
"../../../../../../Users/SU/Documents/Unreal Projects/ShootThemUp/Content/ExternalContent/Characters/Textures/Chr_FPS_D.uasset" 270
"../../../../../../Users/SU/Documents/Unreal Projects/ShootThemUp/Content/ExternalContent/Characters/Textures/Chr_FPS_02_M.uasset" 271
"../../../Engine/Content/Functions/Engine_MaterialFunctions01/Texturing/FlattenNormal.uasset" 272
"../../../../../../Users/SU/Documents/Unreal Projects/ShootThemUp/Content/ExternalContent/Characters/Materials/ML_Rubber_light.uasset" 273
"../../../../../../Users/SU/Documents/Unreal Projects/ShootThemUp/Content/ExternalContent/Characters/Materials/ML_Rubber_dark.uasset" 274
"../../../../../../Users/SU/Documents/Unreal Projects/ShootThemUp/Content/ExternalContent/Characters/Materials/ML_Metal_Painted.uasset" 275
"../../../../../../Users/SU/Documents/Unreal Projects/ShootThemUp/Content/ExternalContent/Characters/Materials/ML_Metal_light.uasset" 276
"../../../../../../Users/SU/Documents/Unreal Projects/ShootThemUp/Content/ExternalContent/Characters/Materials/ML_Glass.uasset" 277
"../../../../../../Users/SU/Documents/Unreal Projects/ShootThemUp/Content/ExternalContent/Characters/Materials/ML_Emissive_Custom.uasset" 278
"../../../../../../Users/SU/Documents/Unreal Projects/ShootThemUp/Content/ExternalContent/Characters/Materials/ML_Base.uasset" 279
"../../../Engine/Content/Functions/MaterialLayerFunctions/MatLayerBlend_TintAllChannels.uasset" 280
"../../../Engine/Content/Functions/MaterialLayerFunctions/MatLayerBlend_Standard.uasset" 281
"../../../Engine/Content/Functions/Engine_MaterialFunctions02/Utility/BlendAngleCorrectedNormals.uasset" 282
"../../../Engine/Content/Functions/MaterialLayerFunctions/MatLayerBlend_BakedNormal.uasset" 283
"../../../../../../Users/SU/Documents/Unreal Projects/ShootThemUp/Content/ExternalContent/Characters/Materials/HeroTPP.uasset" 284
"../../../../../../Users/SU/Documents/Unreal Projects/ShootThemUp/Content/ExternalContent/Characters/HeroTPP/HeroTPP.uasset" 285
"../../../../../../Users/SU/Documents/Unreal Projects/ShootThemUp/Content/Player/BP_STUBaseCharacter.uasset" 286
"../../../../../../Users/SU/Documents/Unreal Projects/ShootThemUp/Content/Player/BP_STUPlayerController.uasset" 287
"../../../../../../Users/SU/Documents/Unreal Projects/ShootThemUp/Content/BP_ShootThemUpGameModeBase.uasset" 288
"../../../../../../Users/SU/Documents/Unreal Projects/ShootThemUp/Content/Levels/TestLevel.umap" 289
"../../../Engine/Content/Maps/Entry_BuiltData.uasset" 290
"../../../Engine/Content/Maps/Entry.umap" 291
